<?xml version="1.0" encoding="UTF-8"?>
<testng-results skipped="0" failed="1" ignored="4" total="7" passed="2">
  <reporter-output>
  </reporter-output>
  <suite name="Suite" duration-ms="40244" started-at="2020-02-11T14:04:39Z" finished-at="2020-02-11T14:05:19Z">
    <groups>
    </groups>
    <test name="Test" duration-ms="40244" started-at="2020-02-11T14:04:39Z" finished-at="2020-02-11T14:05:19Z">
      <class name="com.flipkart.testcase.LoginTestcase">
        <test-method status="PASS" signature="setUp()[pri:0, instance:com.flipkart.testcase.LoginTestcase@7692d9cc]" name="setUp" is-config="true" duration-ms="17301" started-at="2020-02-11T19:34:39Z" finished-at="2020-02-11T19:34:57Z">
          <reporter-output>
          </reporter-output>
        </test-method> <!-- setUp -->
        <test-method status="PASS" signature="check()[pri:0, instance:com.flipkart.testcase.LoginTestcase@7692d9cc]" name="check" duration-ms="8" started-at="2020-02-11T19:34:57Z" finished-at="2020-02-11T19:34:57Z">
          <reporter-output>
          </reporter-output>
        </test-method> <!-- check -->
        <test-method status="PASS" signature="tearDown(org.testng.ITestResult)[pri:0, instance:com.flipkart.testcase.LoginTestcase@7692d9cc]" name="tearDown" is-config="true" duration-ms="1527" started-at="2020-02-11T19:34:57Z" finished-at="2020-02-11T19:34:58Z">
          <params>
            <param index="0">
              <value>
                <![CDATA[[TestResult name=check status=SUCCESS method=LoginTestcase.check()[pri:0, instance:com.flipkart.testcase.LoginTestcase@7692d9cc] output={null}]]]>
              </value>
            </param>
          </params>
          <reporter-output>
          </reporter-output>
        </test-method> <!-- tearDown -->
        <test-method status="PASS" signature="setUp()[pri:0, instance:com.flipkart.testcase.LoginTestcase@7692d9cc]" name="setUp" is-config="true" duration-ms="12719" started-at="2020-02-11T19:34:58Z" finished-at="2020-02-11T19:35:11Z">
          <reporter-output>
          </reporter-output>
        </test-method> <!-- setUp -->
        <test-method status="FAIL" signature="login()[pri:0, instance:com.flipkart.testcase.LoginTestcase@7692d9cc]" name="login" duration-ms="5271" started-at="2020-02-11T19:35:11Z" finished-at="2020-02-11T19:35:16Z">
          <exception class="java.lang.AssertionError">
            <message>
              <![CDATA[login error expected [true] but found [false]]]>
            </message>
            <full-stacktrace>
              <![CDATA[java.lang.AssertionError: login error expected [true] but found [false]
	at org.testng.Assert.fail(Assert.java:93)
	at org.testng.Assert.failNotEquals(Assert.java:512)
	at org.testng.Assert.assertTrue(Assert.java:41)
	at com.flipkart.testcase.LoginTestcase.login(LoginTestcase.java:22)
	at sun.reflect.NativeMethodAccessorImpl.invoke0(Native Method)
	at sun.reflect.NativeMethodAccessorImpl.invoke(Unknown Source)
	at sun.reflect.DelegatingMethodAccessorImpl.invoke(Unknown Source)
	at java.lang.reflect.Method.invoke(Unknown Source)
	at org.testng.internal.MethodInvocationHelper.invokeMethod(MethodInvocationHelper.java:108)
	at org.testng.internal.Invoker.invokeMethod(Invoker.java:661)
	at org.testng.internal.Invoker.invokeTestMethod(Invoker.java:869)
	at org.testng.internal.Invoker.invokeTestMethods(Invoker.java:1193)
	at org.testng.internal.TestMethodWorker.invokeTestMethods(TestMethodWorker.java:126)
	at org.testng.internal.TestMethodWorker.run(TestMethodWorker.java:109)
	at java.util.concurrent.ThreadPoolExecutor.runWorker(Unknown Source)
	at java.util.concurrent.ThreadPoolExecutor$Worker.run(Unknown Source)
	at java.lang.Thread.run(Unknown Source)
]]>
            </full-stacktrace>
          </exception> <!-- java.lang.AssertionError -->
          <reporter-output>
          </reporter-output>
        </test-method> <!-- login -->
        <test-method status="PASS" signature="tearDown(org.testng.ITestResult)[pri:0, instance:com.flipkart.testcase.LoginTestcase@7692d9cc]" name="tearDown" is-config="true" duration-ms="2418" started-at="2020-02-11T19:35:16Z" finished-at="2020-02-11T19:35:19Z">
          <params>
            <param index="0">
              <value>
                <![CDATA[[TestResult name=login status=FAILURE method=LoginTestcase.login()[pri:0, instance:com.flipkart.testcase.LoginTestcase@7692d9cc] output={null}]]]>
              </value>
            </param>
          </params>
          <reporter-output>
          </reporter-output>
        </test-method> <!-- tearDown -->
      </class> <!-- com.flipkart.testcase.LoginTestcase -->
      <class name="com.flipkart.testcase.RegisterTestCase">
        <test-method status="PASS" signature="setUp()[pri:0, instance:com.flipkart.testcase.RegisterTestCase@75f32542]" name="setUp" is-config="true" duration-ms="17310" started-at="2020-02-11T19:34:39Z" finished-at="2020-02-11T19:34:57Z">
          <reporter-output>
          </reporter-output>
        </test-method> <!-- setUp -->
        <test-method status="PASS" signature="check()[pri:0, instance:com.flipkart.testcase.RegisterTestCase@75f32542]" name="check" duration-ms="6" started-at="2020-02-11T19:34:57Z" finished-at="2020-02-11T19:34:57Z">
          <reporter-output>
          </reporter-output>
        </test-method> <!-- check -->
        <test-method status="PASS" signature="tearDown(org.testng.ITestResult)[pri:0, instance:com.flipkart.testcase.RegisterTestCase@75f32542]" name="tearDown" is-config="true" duration-ms="1519" started-at="2020-02-11T19:34:57Z" finished-at="2020-02-11T19:34:58Z">
          <params>
            <param index="0">
              <value>
                <![CDATA[[TestResult name=check status=SUCCESS method=RegisterTestCase.check()[pri:0, instance:com.flipkart.testcase.RegisterTestCase@75f32542] output={null}]]]>
              </value>
            </param>
          </params>
          <reporter-output>
          </reporter-output>
        </test-method> <!-- tearDown -->
      </class> <!-- com.flipkart.testcase.RegisterTestCase -->
      <class name="com.flipkart.base.DriverCreation">
        <test-method status="PASS" signature="reportSetup()[pri:0, instance:com.flipkart.base.DriverCreation@2a32de6c]" name="reportSetup" is-config="true" duration-ms="543" started-at="2020-02-11T19:34:39Z" finished-at="2020-02-11T19:34:39Z">
          <reporter-output>
          </reporter-output>
        </test-method> <!-- reportSetup -->
        <test-method status="PASS" signature="endReport()[pri:0, instance:com.flipkart.base.DriverCreation@2a32de6c]" name="endReport" is-config="true" duration-ms="421" started-at="2020-02-11T19:35:19Z" finished-at="2020-02-11T19:35:19Z">
          <reporter-output>
          </reporter-output>
        </test-method> <!-- endReport -->
      </class> <!-- com.flipkart.base.DriverCreation -->
    </test> <!-- Test -->
  </suite> <!-- Suite -->
</testng-results>
